<?xml version="1.0" encoding="UTF-8"?>
<!-- Generated by org.testng.reporters.JUnitXMLReporter -->
<testsuite ignored="0" hostname="DESKTOP-6MCO3NS" failures="0" tests="4" name="Default test" time="17.703" errors="0" timestamp="2024-03-11T15:28:10 IST">
  <testcase classname="com.qa.opencart.tests.LoginPageTest" name="loginPageTitleTest" time="0.249"/>
  <testcase classname="com.qa.opencart.tests.LoginPageTest" name="loginPageUrlTest" time="0.046"/>
  <testcase classname="com.qa.opencart.tests.LoginPageTest" name="forgortPasswordLinkTest" time="0.179"/>
  <testcase classname="com.qa.opencart.tests.LoginPageTest" name="loginTest" time="3.779"/>
</testsuite> <!-- Default test -->
