<?xml version="1.0" encoding="UTF-8"?>
<testng-results ignored="0" total="4" passed="4" failed="0" skipped="0">
  <reporter-output>
  </reporter-output>
  <suite started-at="2024-03-11T15:27:52 IST" name="Default suite" finished-at="2024-03-11T15:28:10 IST" duration-ms="17703">
    <groups>
    </groups>
    <test started-at="2024-03-11T15:27:52 IST" name="Default test" finished-at="2024-03-11T15:28:10 IST" duration-ms="17703">
      <class name="com.qa.opencart.tests.LoginPageTest">
        <test-method is-config="true" signature="setup()[pri:0, instance:com.qa.opencart.tests.LoginPageTest@616b241a]" started-at="2024-03-11T15:27:52 IST" name="setup" finished-at="2024-03-11T15:28:04 IST" duration-ms="12066" status="PASS">
          <reporter-output>
          </reporter-output>
        </test-method> <!-- setup -->
        <test-method signature="loginPageTitleTest()[pri:1, instance:com.qa.opencart.tests.LoginPageTest@616b241a]" started-at="2024-03-11T15:28:04 IST" name="loginPageTitleTest" finished-at="2024-03-11T15:28:05 IST" duration-ms="249" status="PASS">
          <reporter-output>
          </reporter-output>
        </test-method> <!-- loginPageTitleTest -->
        <test-method signature="loginPageUrlTest()[pri:2, instance:com.qa.opencart.tests.LoginPageTest@616b241a]" started-at="2024-03-11T15:28:06 IST" name="loginPageUrlTest" finished-at="2024-03-11T15:28:06 IST" duration-ms="46" status="PASS">
          <reporter-output>
          </reporter-output>
        </test-method> <!-- loginPageUrlTest -->
        <test-method signature="forgortPasswordLinkTest()[pri:3, instance:com.qa.opencart.tests.LoginPageTest@616b241a]" started-at="2024-03-11T15:28:06 IST" name="forgortPasswordLinkTest" finished-at="2024-03-11T15:28:06 IST" duration-ms="179" status="PASS">
          <reporter-output>
          </reporter-output>
        </test-method> <!-- forgortPasswordLinkTest -->
        <test-method signature="loginTest()[pri:4, instance:com.qa.opencart.tests.LoginPageTest@616b241a]" started-at="2024-03-11T15:28:06 IST" name="loginTest" finished-at="2024-03-11T15:28:10 IST" duration-ms="3779" status="PASS">
          <reporter-output>
          </reporter-output>
        </test-method> <!-- loginTest -->
        <test-method is-config="true" signature="teardown()[pri:0, instance:com.qa.opencart.tests.LoginPageTest@616b241a]" started-at="2024-03-11T15:28:10 IST" name="teardown" finished-at="2024-03-11T15:28:10 IST" duration-ms="267" status="PASS">
          <reporter-output>
          </reporter-output>
        </test-method> <!-- teardown -->
      </class> <!-- com.qa.opencart.tests.LoginPageTest -->
    </test> <!-- Default test -->
  </suite> <!-- Default suite -->
</testng-results>
