<?xml version="1.0" encoding="UTF-8"?>
<testng-results ignored="6" total="10" passed="4" failed="0" skipped="0">
  <reporter-output>
  </reporter-output>
  <suite started-at="2024-03-14T14:19:02 IST" name="Default suite" finished-at="2024-03-14T14:19:57 IST" duration-ms="55215">
    <groups>
    </groups>
    <test started-at="2024-03-14T14:19:02 IST" name="Default test" finished-at="2024-03-14T14:19:57 IST" duration-ms="55215">
      <class name="com.qa.opencart.tests.AccountsPageTest">
        <test-method is-config="true" signature="setup()[pri:0, instance:com.qa.opencart.tests.AccountsPageTest@3fdecce]" started-at="2024-03-14T14:19:02 IST" name="setup" finished-at="2024-03-14T14:19:25 IST" duration-ms="23341" status="PASS">
          <reporter-output>
          </reporter-output>
        </test-method> <!-- setup -->
        <test-method is-config="true" signature="accPageSetup()[pri:0, instance:com.qa.opencart.tests.AccountsPageTest@3fdecce]" started-at="2024-03-14T14:19:25 IST" name="accPageSetup" finished-at="2024-03-14T14:19:29 IST" duration-ms="4050" status="PASS">
          <reporter-output>
          </reporter-output>
        </test-method> <!-- accPageSetup -->
        <test-method signature="searchProductTest(java.lang.String,java.lang.String)[pri:0, instance:com.qa.opencart.tests.AccountsPageTest@3fdecce]" started-at="2024-03-14T14:19:29 IST" name="searchProductTest" data-provider="getProductTestData" finished-at="2024-03-14T14:19:37 IST" duration-ms="7347" status="PASS">
          <params>
            <param index="0">
              <value>
                <![CDATA[MacBook]]>
              </value>
            </param>
            <param index="1">
              <value>
                <![CDATA[MacBook Pro]]>
              </value>
            </param>
          </params>
          <reporter-output>
          </reporter-output>
        </test-method> <!-- searchProductTest -->
        <test-method signature="searchProductTest(java.lang.String,java.lang.String)[pri:0, instance:com.qa.opencart.tests.AccountsPageTest@3fdecce]" started-at="2024-03-14T14:19:37 IST" name="searchProductTest" data-provider="getProductTestData" finished-at="2024-03-14T14:19:43 IST" duration-ms="5976" status="PASS">
          <params>
            <param index="0">
              <value>
                <![CDATA[MacBook]]>
              </value>
            </param>
            <param index="1">
              <value>
                <![CDATA[MacBook Air]]>
              </value>
            </param>
          </params>
          <reporter-output>
          </reporter-output>
        </test-method> <!-- searchProductTest -->
        <test-method signature="searchProductTest(java.lang.String,java.lang.String)[pri:0, instance:com.qa.opencart.tests.AccountsPageTest@3fdecce]" started-at="2024-03-14T14:19:43 IST" name="searchProductTest" data-provider="getProductTestData" finished-at="2024-03-14T14:19:50 IST" duration-ms="6339" status="PASS">
          <params>
            <param index="0">
              <value>
                <![CDATA[iMac]]>
              </value>
            </param>
            <param index="1">
              <value>
                <![CDATA[iMac]]>
              </value>
            </param>
          </params>
          <reporter-output>
          </reporter-output>
        </test-method> <!-- searchProductTest -->
        <test-method signature="searchProductTest(java.lang.String,java.lang.String)[pri:0, instance:com.qa.opencart.tests.AccountsPageTest@3fdecce]" started-at="2024-03-14T14:19:50 IST" name="searchProductTest" data-provider="getProductTestData" finished-at="2024-03-14T14:19:56 IST" duration-ms="6717" status="PASS">
          <params>
            <param index="0">
              <value>
                <![CDATA[Apple]]>
              </value>
            </param>
            <param index="1">
              <value>
                <![CDATA[Apple Cinema 30"]]>
              </value>
            </param>
          </params>
          <reporter-output>
          </reporter-output>
        </test-method> <!-- searchProductTest -->
        <test-method is-config="true" signature="teardown()[pri:0, instance:com.qa.opencart.tests.AccountsPageTest@3fdecce]" started-at="2024-03-14T14:19:56 IST" name="teardown" finished-at="2024-03-14T14:19:57 IST" duration-ms="783" status="PASS">
          <reporter-output>
          </reporter-output>
        </test-method> <!-- teardown -->
      </class> <!-- com.qa.opencart.tests.AccountsPageTest -->
    </test> <!-- Default test -->
  </suite> <!-- Default suite -->
</testng-results>
